<?xml version="1.0" encoding="UTF-8"?>
<!-- Generated by org.testng.reporters.JUnitReportReporter -->
<testsuite hostname="RishithaNaga" failures="0" tests="4" name="com.test.app.testcases.ElementValidationTest" time="5.724" errors="0" timestamp="2023-11-14T02:11:07 IST" skipped="0">
  <testcase classname="com.test.app.testcases.ElementValidationTest" name="validatePacktBrandLogo" time="0.047"/>
  <testcase classname="com.test.app.testcases.ElementValidationTest" name="validateBrowseLibraryElement" time="0.033"/>
  <testcase classname="com.test.app.testcases.ElementValidationTest" name="validateStartFreeTrialButtonElement" time="0.615"/>
  <testcase classname="com.test.app.testcases.ElementValidationTest" name="validateAdvancedSearchButtonElement" time="5.029"/>
</testsuite> <!-- com.test.app.testcases.ElementValidationTest -->
