<?xml version="1.0" encoding="UTF-8"?>
<!-- Generated by org.testng.reporters.JUnitReportReporter -->
<testsuite hostname="RishithaNaga" failures="0" tests="1" name="com.test.app.testcases.ElementCheckVerificationTest" time="8.424" errors="0" timestamp="2023-11-14T01:19:23 IST" skipped="0">
  <testcase classname="com.test.app.testcases.ElementCheckVerificationTest" name="verifyElement" time="8.424"/>
</testsuite> <!-- com.test.app.testcases.ElementCheckVerificationTest -->
