<?xml version="1.0" encoding="UTF-8"?>
<!-- Generated by org.testng.reporters.JUnitReportReporter -->
<testsuite hostname="RishithaNaga" failures="0" tests="1" name="com.test.app.testcases.BrowseBooksPublicationYearTest" time="9.777" errors="0" timestamp="2023-11-14T02:29:23 IST" skipped="0">
  <testcase classname="com.test.app.testcases.BrowseBooksPublicationYearTest" name="validateBrowseBooksAndSetPublicationYear" time="9.777"/>
</testsuite> <!-- com.test.app.testcases.BrowseBooksPublicationYearTest -->
